Using pre-set license
Built from '2020.3/staging' branch; Version is '2020.3.5f1 (8095aa901b9b) revision 8426922'; Using compiler version '192528614'; Build Type 'Release'
OS: 'Windows 10 Home; OS build 19043.1415; Version 2009; 64bit' Language: 'ja' Physical Memory: 16189 MB
BatchMode: 1, IsHumanControllingUs: 0, StartBugReporterOnCrash: 0, Is64bit: 1, IsPro: 0

 COMMAND LINE ARGUMENTS:
C:\Program Files\Unity\Hub\Editor\2020.3.5f1\Editor\Unity.exe
-adb2
-batchMode
-noUpm
-name
AssetImportWorker0
-projectPath
C:/Users/minor/Documents/GitHub/EscapeGame/神隠し探偵小前とクリソベリルの原石
-logFile
Logs/AssetImportWorker0.log
-srvPort
63494
Successfully changed project path to: C:/Users/minor/Documents/GitHub/EscapeGame/神隠し探偵小前とクリソベリルの原石
C:/Users/minor/Documents/GitHub/EscapeGame/神隠し探偵小前とクリソベリルの原石
Using Asset Import Pipeline V2.
Refreshing native plugins compatible for Editor in 41.77 ms, found 0 plugins.
Preloading 0 native plugins for Editor in 0.00 ms.
Initialize engine version: 2020.3.5f1 (8095aa901b9b)
[Subsystems] Discovering subsystems at path C:/Program Files/Unity/Hub/Editor/2020.3.5f1/Editor/Data/Resources/UnitySubsystems
[Subsystems] Discovering subsystems at path C:/Users/minor/Documents/GitHub/EscapeGame/神隠し探偵小前とクリソベリルの原石/Assets
GfxDevice: creating device client; threaded=0
Direct3D:
    Version:  Direct3D 11.0 [level 11.1]
    Renderer: NVIDIA GeForce RTX 2070 SUPER (ID=0x1e84)
    Vendor:   
    VRAM:     8011 MB
    Driver:   30.0.14.7141
Initialize mono
Mono path[0] = 'C:/Program Files/Unity/Hub/Editor/2020.3.5f1/Editor/Data/Managed'
Mono path[1] = 'C:/Program Files/Unity/Hub/Editor/2020.3.5f1/Editor/Data/MonoBleedingEdge/lib/mono/unityjit'
Mono config path = 'C:/Program Files/Unity/Hub/Editor/2020.3.5f1/Editor/Data/MonoBleedingEdge/etc'
Using monoOptions --debugger-agent=transport=dt_socket,embedding=1,server=y,suspend=n,address=127.0.0.1:56192
Begin MonoManager ReloadAssembly
Registering precompiled unity dll's ...
Register platform support module: C:/Program Files/Unity/Hub/Editor/2020.3.5f1/Editor/Data/PlaybackEngines/WebGLSupport/UnityEditor.WebGL.Extensions.dll
Register platform support module: C:/Program Files/Unity/Hub/Editor/2020.3.5f1/Editor/Data/PlaybackEngines/WindowsStandaloneSupport/UnityEditor.WindowsStandalone.Extensions.dll
Registered in 0.001931 seconds.
Native extension for WindowsStandalone target not found
Native extension for WebGL target not found
Refreshing native plugins compatible for Editor in 40.25 ms, found 0 plugins.
Preloading 0 native plugins for Editor in 0.00 ms.
Mono: successfully reloaded assembly
- Completed reload, in  0.865 seconds
Platform modules already initialized, skipping
Registering precompiled user dll's ...
Registered in 0.000736 seconds.
Begin MonoManager ReloadAssembly
Native extension for WindowsStandalone target not found
Native extension for WebGL target not found
Refreshing native plugins compatible for Editor in 38.40 ms, found 0 plugins.
Preloading 0 native plugins for Editor in 0.00 ms.
Mono: successfully reloaded assembly
- Completed reload, in  0.868 seconds
Platform modules already initialized, skipping
========================================================================
Worker process is ready to serve import requests
Launched and connected shader compiler UnityShaderCompiler.exe after 0.03 seconds
Refreshing native plugins compatible for Editor in 0.44 ms, found 0 plugins.
Preloading 0 native plugins for Editor in 0.00 ms.
Unloading 2377 Unused Serialized files (Serialized files now loaded: 0)
System memory in use before: 105.4 MB.
System memory in use after: 105.6 MB.

Unloading 95 unused Assets to reduce memory usage. Loaded Objects now: 2821.
Total: 2.103100 ms (FindLiveObjects: 0.200900 ms CreateObjectMapping: 0.093100 ms MarkObjects: 1.678900 ms  DeleteObjects: 0.129300 ms)

========================================================================
Received Import Request.
  path: Assets/Scripts/Main/BOneA/BOneADoor.cs
  artifactKey: Guid(316dfac3043b5994cbe8c4cd0bb5f926) Importer(815301076,1909f56bfc062723c751e8b465ee728b)
Start importing Assets/Scripts/Main/BOneA/BOneADoor.cs using Guid(316dfac3043b5994cbe8c4cd0bb5f926) Importer(815301076,1909f56bfc062723c751e8b465ee728b)  -> (artifact id: '0710b6ace65bf7d019cff034c348c541') in 0.013861 seconds
  Import took 0.016789 seconds .

========================================================================
Received Import Request.
  Time since last request: 20.733060 seconds.
  path: Assets/Scripts/Main/TwoC/TurnPuzzle25.cs
  artifactKey: Guid(7a5df633f3d55fd4d8943fa27ca89908) Importer(815301076,1909f56bfc062723c751e8b465ee728b)
Start importing Assets/Scripts/Main/TwoC/TurnPuzzle25.cs using Guid(7a5df633f3d55fd4d8943fa27ca89908) Importer(815301076,1909f56bfc062723c751e8b465ee728b)  -> (artifact id: '2fee5e8ad98f3c03cbf6e4e9b3995090') in 0.001687 seconds
  Import took 0.004749 seconds .

========================================================================
Received Import Request.
  Time since last request: 0.001275 seconds.
  path: Assets/Scripts/Main/TwoC/TurnPuzzle25.cs
  artifactKey: Guid(7a5df633f3d55fd4d8943fa27ca89908) Importer(815301076,1909f56bfc062723c751e8b465ee728b)
Start importing Assets/Scripts/Main/TwoC/TurnPuzzle25.cs using Guid(7a5df633f3d55fd4d8943fa27ca89908) Importer(815301076,1909f56bfc062723c751e8b465ee728b)  -> (artifact id: '2fee5e8ad98f3c03cbf6e4e9b3995090') in 0.001375 seconds
  Import took 0.004617 seconds .

========================================================================
Received Prepare
Registering precompiled user dll's ...
Registered in 0.000828 seconds.
Begin MonoManager ReloadAssembly
Native extension for WindowsStandalone target not found
Native extension for WebGL target not found
Refreshing native plugins compatible for Editor in 0.40 ms, found 0 plugins.
Preloading 0 native plugins for Editor in 0.00 ms.
Warning: Annotation not found!
UnityEngine.StackTraceUtility:ExtractStackTrace ()
UnityEditor.ProBuilder.EditorUtility:SetGizmoIconEnabled (System.Type,bool) (at C:/Users/minor/神隠し探偵小前とクリソベリルの原石/Library/PackageCache/com.unity.probuilder@4.5.0/Editor/EditorCore/EditorUtility.cs:593)
UnityEditor.ProBuilder.HierarchyListener:.cctor () (at C:/Users/minor/神隠し探偵小前とクリソベリルの原石/Library/PackageCache/com.unity.probuilder@4.5.0/Editor/EditorCore/HierarchyListener.cs:21)
System.Runtime.CompilerServices.RuntimeHelpers:RunClassConstructor (System.RuntimeTypeHandle)
UnityEditor.EditorAssemblies:ProcessInitializeOnLoadAttributes (System.Type[])

[C:/Users/minor/神隠し探偵小前とクリソベリルの原石/Library/PackageCache/com.unity.probuilder@4.5.0/Editor/EditorCore/EditorUtility.cs line 593]

Mono: successfully reloaded assembly
- Completed reload, in  0.746 seconds
Platform modules already initialized, skipping
Refreshing native plugins compatible for Editor in 0.52 ms, found 0 plugins.
Preloading 0 native plugins for Editor in 0.00 ms.
Unloading 2331 Unused Serialized files (Serialized files now loaded: 0)
System memory in use before: 101.8 MB.
System memory in use after: 101.9 MB.

Unloading 5 unused Assets to reduce memory usage. Loaded Objects now: 2824.
Total: 2.541600 ms (FindLiveObjects: 0.227700 ms CreateObjectMapping: 0.104100 ms MarkObjects: 2.144100 ms  DeleteObjects: 0.064100 ms)

========================================================================
Received Import Request.
  Time since last request: 121.364651 seconds.
  path: Assets/Scripts/Main/BOneA/BOneADoor.cs
  artifactKey: Guid(316dfac3043b5994cbe8c4cd0bb5f926) Importer(815301076,1909f56bfc062723c751e8b465ee728b)
Start importing Assets/Scripts/Main/BOneA/BOneADoor.cs using Guid(316dfac3043b5994cbe8c4cd0bb5f926) Importer(815301076,1909f56bfc062723c751e8b465ee728b)  -> (artifact id: '023eb173bed301797610f474f09e914e') in 0.004363 seconds
  Import took 0.007777 seconds .

========================================================================
Received Prepare
Registering precompiled user dll's ...
Registered in 0.000756 seconds.
Begin MonoManager ReloadAssembly
Native extension for WindowsStandalone target not found
Native extension for WebGL target not found
Refreshing native plugins compatible for Editor in 0.79 ms, found 0 plugins.
Preloading 0 native plugins for Editor in 0.00 ms.
Warning: Annotation not found!
UnityEngine.StackTraceUtility:ExtractStackTrace ()
UnityEditor.ProBuilder.EditorUtility:SetGizmoIconEnabled (System.Type,bool) (at C:/Users/minor/神隠し探偵小前とクリソベリルの原石/Library/PackageCache/com.unity.probuilder@4.5.0/Editor/EditorCore/EditorUtility.cs:593)
UnityEditor.ProBuilder.HierarchyListener:.cctor () (at C:/Users/minor/神隠し探偵小前とクリソベリルの原石/Library/PackageCache/com.unity.probuilder@4.5.0/Editor/EditorCore/HierarchyListener.cs:21)
System.Runtime.CompilerServices.RuntimeHelpers:RunClassConstructor (System.RuntimeTypeHandle)
UnityEditor.EditorAssemblies:ProcessInitializeOnLoadAttributes (System.Type[])

[C:/Users/minor/神隠し探偵小前とクリソベリルの原石/Library/PackageCache/com.unity.probuilder@4.5.0/Editor/EditorCore/EditorUtility.cs line 593]

Mono: successfully reloaded assembly
- Completed reload, in  0.860 seconds
Platform modules already initialized, skipping
Refreshing native plugins compatible for Editor in 0.60 ms, found 0 plugins.
Preloading 0 native plugins for Editor in 0.00 ms.
Unloading 2331 Unused Serialized files (Serialized files now loaded: 0)
System memory in use before: 101.8 MB.
System memory in use after: 102.0 MB.

Unloading 5 unused Assets to reduce memory usage. Loaded Objects now: 2827.
Total: 3.268600 ms (FindLiveObjects: 0.537200 ms CreateObjectMapping: 0.286200 ms MarkObjects: 2.333100 ms  DeleteObjects: 0.110800 ms)

========================================================================
Received Import Request.
  Time since last request: 26.528552 seconds.
  path: Assets/Scripts/Main/BOneA/BOneADoor.cs
  artifactKey: Guid(316dfac3043b5994cbe8c4cd0bb5f926) Importer(815301076,1909f56bfc062723c751e8b465ee728b)
Start importing Assets/Scripts/Main/BOneA/BOneADoor.cs using Guid(316dfac3043b5994cbe8c4cd0bb5f926) Importer(815301076,1909f56bfc062723c751e8b465ee728b)  -> (artifact id: '552635f2f5d53f4d0bf2a4458fa23dee') in 0.006581 seconds
  Import took 0.011174 seconds .

========================================================================
Received Prepare
Registering precompiled user dll's ...
Registered in 0.001075 seconds.
Begin MonoManager ReloadAssembly
Native extension for WindowsStandalone target not found
Native extension for WebGL target not found
Refreshing native plugins compatible for Editor in 0.39 ms, found 0 plugins.
Preloading 0 native plugins for Editor in 0.00 ms.
Warning: Annotation not found!
UnityEngine.StackTraceUtility:ExtractStackTrace ()
UnityEditor.ProBuilder.EditorUtility:SetGizmoIconEnabled (System.Type,bool) (at C:/Users/minor/神隠し探偵小前とクリソベリルの原石/Library/PackageCache/com.unity.probuilder@4.5.0/Editor/EditorCore/EditorUtility.cs:593)
UnityEditor.ProBuilder.HierarchyListener:.cctor () (at C:/Users/minor/神隠し探偵小前とクリソベリルの原石/Library/PackageCache/com.unity.probuilder@4.5.0/Editor/EditorCore/HierarchyListener.cs:21)
System.Runtime.CompilerServices.RuntimeHelpers:RunClassConstructor (System.RuntimeTypeHandle)
UnityEditor.EditorAssemblies:ProcessInitializeOnLoadAttributes (System.Type[])

[C:/Users/minor/神隠し探偵小前とクリソベリルの原石/Library/PackageCache/com.unity.probuilder@4.5.0/Editor/EditorCore/EditorUtility.cs line 593]

Mono: successfully reloaded assembly
- Completed reload, in  0.685 seconds
Platform modules already initialized, skipping
Refreshing native plugins compatible for Editor in 0.41 ms, found 0 plugins.
Preloading 0 native plugins for Editor in 0.00 ms.
Unloading 2331 Unused Serialized files (Serialized files now loaded: 0)
System memory in use before: 101.8 MB.
System memory in use after: 102.0 MB.

Unloading 5 unused Assets to reduce memory usage. Loaded Objects now: 2830.
Total: 2.101800 ms (FindLiveObjects: 0.216300 ms CreateObjectMapping: 0.100500 ms MarkObjects: 1.723400 ms  DeleteObjects: 0.060500 ms)

========================================================================
Received Prepare
Registering precompiled user dll's ...
Registered in 0.000822 seconds.
Begin MonoManager ReloadAssembly
Native extension for WindowsStandalone target not found
Native extension for WebGL target not found
Refreshing native plugins compatible for Editor in 0.41 ms, found 0 plugins.
Preloading 0 native plugins for Editor in 0.00 ms.
Warning: Annotation not found!
UnityEngine.StackTraceUtility:ExtractStackTrace ()
UnityEditor.ProBuilder.EditorUtility:SetGizmoIconEnabled (System.Type,bool) (at C:/Users/minor/神隠し探偵小前とクリソベリルの原石/Library/PackageCache/com.unity.probuilder@4.5.0/Editor/EditorCore/EditorUtility.cs:593)
UnityEditor.ProBuilder.HierarchyListener:.cctor () (at C:/Users/minor/神隠し探偵小前とクリソベリルの原石/Library/PackageCache/com.unity.probuilder@4.5.0/Editor/EditorCore/HierarchyListener.cs:21)
System.Runtime.CompilerServices.RuntimeHelpers:RunClassConstructor (System.RuntimeTypeHandle)
UnityEditor.EditorAssemblies:ProcessInitializeOnLoadAttributes (System.Type[])

[C:/Users/minor/神隠し探偵小前とクリソベリルの原石/Library/PackageCache/com.unity.probuilder@4.5.0/Editor/EditorCore/EditorUtility.cs line 593]

Mono: successfully reloaded assembly
- Completed reload, in  0.703 seconds
Platform modules already initialized, skipping
Refreshing native plugins compatible for Editor in 0.48 ms, found 0 plugins.
Preloading 0 native plugins for Editor in 0.00 ms.
Unloading 2331 Unused Serialized files (Serialized files now loaded: 0)
System memory in use before: 101.8 MB.
System memory in use after: 102.0 MB.

Unloading 5 unused Assets to reduce memory usage. Loaded Objects now: 2833.
Total: 2.438100 ms (FindLiveObjects: 0.410700 ms CreateObjectMapping: 0.133300 ms MarkObjects: 1.832600 ms  DeleteObjects: 0.060200 ms)

========================================================================
Received Prepare
Registering precompiled user dll's ...
Registered in 0.000742 seconds.
Begin MonoManager ReloadAssembly
Native extension for WindowsStandalone target not found
Native extension for WebGL target not found
Refreshing native plugins compatible for Editor in 0.43 ms, found 0 plugins.
Preloading 0 native plugins for Editor in 0.00 ms.
Warning: Annotation not found!
UnityEngine.StackTraceUtility:ExtractStackTrace ()
UnityEditor.ProBuilder.EditorUtility:SetGizmoIconEnabled (System.Type,bool) (at C:/Users/minor/神隠し探偵小前とクリソベリルの原石/Library/PackageCache/com.unity.probuilder@4.5.0/Editor/EditorCore/EditorUtility.cs:593)
UnityEditor.ProBuilder.HierarchyListener:.cctor () (at C:/Users/minor/神隠し探偵小前とクリソベリルの原石/Library/PackageCache/com.unity.probuilder@4.5.0/Editor/EditorCore/HierarchyListener.cs:21)
System.Runtime.CompilerServices.RuntimeHelpers:RunClassConstructor (System.RuntimeTypeHandle)
UnityEditor.EditorAssemblies:ProcessInitializeOnLoadAttributes (System.Type[])

[C:/Users/minor/神隠し探偵小前とクリソベリルの原石/Library/PackageCache/com.unity.probuilder@4.5.0/Editor/EditorCore/EditorUtility.cs line 593]

Mono: successfully reloaded assembly
- Completed reload, in  0.793 seconds
Platform modules already initialized, skipping
Refreshing native plugins compatible for Editor in 0.43 ms, found 0 plugins.
Preloading 0 native plugins for Editor in 0.00 ms.
Unloading 2331 Unused Serialized files (Serialized files now loaded: 0)
System memory in use before: 101.8 MB.
System memory in use after: 102.0 MB.

Unloading 5 unused Assets to reduce memory usage. Loaded Objects now: 2836.
Total: 1.912700 ms (FindLiveObjects: 0.213800 ms CreateObjectMapping: 0.094000 ms MarkObjects: 1.543600 ms  DeleteObjects: 0.060200 ms)

========================================================================
Received Import Request.
  Time since last request: 1459.724361 seconds.
  path: Assets/ToDoList/Next.cs
  artifactKey: Guid(48ddcd3f2585804408b0a6c1f4741f4b) Importer(815301076,1909f56bfc062723c751e8b465ee728b)
Start importing Assets/ToDoList/Next.cs using Guid(48ddcd3f2585804408b0a6c1f4741f4b) Importer(815301076,1909f56bfc062723c751e8b465ee728b)  -> (artifact id: '5e8fceae050d59e07eb92244ecd8dcbc') in 0.004306 seconds
  Import took 0.007242 seconds .

AssetImportWorkerClient::OnTransportError - code=2 error=End of file
